<html>
<head>
<title>TestNG:  Test1</title>
<link href="../testng.css" rel="stylesheet" type="text/css" />
<link href="../my-testng.css" rel="stylesheet" type="text/css" />

<style type="text/css">
.log { display: none;} 
.stack-trace { display: none;} 
</style>
<script type="text/javascript">
<!--
function flip(e) {
  current = e.style.display;
  if (current == 'block') {
    e.style.display = 'none';
    return 0;
  }
  else {
    e.style.display = 'block';
    return 1;
  }
}

function toggleBox(szDivId, elem, msg1, msg2)
{
  var res = -1;  if (document.getElementById) {
    res = flip(document.getElementById(szDivId));
  }
  else if (document.all) {
    // this is the way old msie versions work
    res = flip(document.all[szDivId]);
  }
  if(elem) {
    if(res == 0) elem.innerHTML = msg1; else elem.innerHTML = msg2;
  }

}

function toggleAllBoxes() {
  if (document.getElementsByTagName) {
    d = document.getElementsByTagName('div');
    for (i = 0; i < d.length; i++) {
      if (d[i].className == 'log') {
        flip(d[i]);
      }
    }
  }
}

// -->
</script>

</head>
<body>
<h2 align='center'>Test1</h2><table border='1' align="center">
<tr>
<td>Tests passed/Failed/Skipped:</td><td>12/2/0</td>
</tr><tr>
<td>Started on:</td><td>Sat May 07 20:13:27 EDT 2022</td>
</tr>
<tr><td>Total time:</td><td>0 seconds (84 ms)</td>
</tr><tr>
<td>Included groups:</td><td></td>
</tr><tr>
<td>Excluded groups:</td><td></td>
</tr>
</table><p/>
<small><i>(Hover the method name to see the test class name)</i></small><p/>
<table width='100%' border='1' class='invocation-failed'>
<tr><td colspan='4' align='center'><b>FAILED TESTS</b></td></tr>
<tr><td><b>Test method</b></td>
<td width="30%"><b>Exception</b></td>
<td width="10%"><b>Time (seconds)</b></td>
<td><b>Instance</b></td>
</tr>
<tr>
<td title='demo1.ExpectedExceptionExample.checkResult()'><b>checkResult</b><br>Test class: demo1.ExpectedExceptionExample</td>
<td><div><pre>org.testng.TestException: 
Method ExpectedExceptionExample.checkResult()[pri:0, instance:demo1.ExpectedExceptionExample@53142455] should have thrown an exception of type class java.lang.ArithmeticException
	at java.base/java.util.ArrayList.forEach(ArrayList.java:1541)
... Removed 24 stack frames</pre></div><a href='#' onClick='toggleBox("stack-trace1625090026", this, "Click to show all stack frames", "Click to hide stack frames")'>Click to show all stack frames</a>
<div class='stack-trace' id='stack-trace1625090026'><pre>org.testng.TestException: 
Method ExpectedExceptionExample.checkResult()[pri:0, instance:demo1.ExpectedExceptionExample@53142455] should have thrown an exception of type class java.lang.ArithmeticException
	at org.testng.internal.invokers.ExpectedExceptionsHolder.noException(ExpectedExceptionsHolder.java:81)
	at org.testng.internal.invokers.TestInvoker.considerExceptions(TestInvoker.java:853)
	at org.testng.internal.invokers.TestInvoker.invokeMethod(TestInvoker.java:714)
	at org.testng.internal.invokers.TestInvoker.invokeTestMethod(TestInvoker.java:220)
	at org.testng.internal.invokers.MethodRunner.runInSequence(MethodRunner.java:50)
	at org.testng.internal.invokers.TestInvoker$MethodInvocationAgent.invoke(TestInvoker.java:945)
	at org.testng.internal.invokers.TestInvoker.invokeTestMethods(TestInvoker.java:193)
	at org.testng.internal.invokers.TestMethodWorker.invokeTestMethods(TestMethodWorker.java:146)
	at org.testng.internal.invokers.TestMethodWorker.run(TestMethodWorker.java:128)
	at java.base/java.util.ArrayList.forEach(ArrayList.java:1541)
	at org.testng.TestRunner.privateRun(TestRunner.java:808)
	at org.testng.TestRunner.run(TestRunner.java:603)
	at org.testng.SuiteRunner.runTest(SuiteRunner.java:429)
	at org.testng.SuiteRunner.runSequentially(SuiteRunner.java:423)
	at org.testng.SuiteRunner.privateRun(SuiteRunner.java:383)
	at org.testng.SuiteRunner.run(SuiteRunner.java:326)
	at org.testng.SuiteRunnerWorker.runSuite(SuiteRunnerWorker.java:52)
	at org.testng.SuiteRunnerWorker.run(SuiteRunnerWorker.java:95)
	at org.testng.TestNG.runSuitesSequentially(TestNG.java:1249)
	at org.testng.TestNG.runSuitesLocally(TestNG.java:1169)
	at org.testng.TestNG.runSuites(TestNG.java:1092)
	at org.testng.TestNG.run(TestNG.java:1060)
	at org.testng.remote.AbstractRemoteTestNG.run(AbstractRemoteTestNG.java:115)
	at org.testng.remote.RemoteTestNG.initAndRun(RemoteTestNG.java:251)
	at org.testng.remote.RemoteTestNG.main(RemoteTestNG.java:77)
</pre></div></td>
<td>0</td>
<td>demo1.ExpectedExceptionExample@53142455</td></tr>
<tr>
<td title='demo1.EnabledFalseExample.testC2M2()'><b>testC2M2</b><br>Test class: demo1.EnabledFalseExample</td>
<td><div><pre>java.lang.AssertionError: expected [c2 method 2 working fine] but found [c2 method 2 working not fine]
	at demo1.EnabledFalseExample.testC2M2(EnabledFalseExample.java:18)
	at java.base/java.util.ArrayList.forEach(ArrayList.java:1541)
... Removed 33 stack frames</pre></div><a href='#' onClick='toggleBox("stack-trace177104018", this, "Click to show all stack frames", "Click to hide stack frames")'>Click to show all stack frames</a>
<div class='stack-trace' id='stack-trace177104018'><pre>java.lang.AssertionError: expected [c2 method 2 working fine] but found [c2 method 2 working not fine]
	at org.testng.Assert.fail(Assert.java:110)
	at org.testng.Assert.failNotEquals(Assert.java:1413)
	at org.testng.Assert.assertEqualsImpl(Assert.java:149)
	at org.testng.Assert.assertEquals(Assert.java:131)
	at org.testng.Assert.assertEquals(Assert.java:655)
	at org.testng.Assert.assertEquals(Assert.java:665)
	at demo1.EnabledFalseExample.testC2M2(EnabledFalseExample.java:18)
	at java.base/jdk.internal.reflect.NativeMethodAccessorImpl.invoke0(Native Method)
	at java.base/jdk.internal.reflect.NativeMethodAccessorImpl.invoke(NativeMethodAccessorImpl.java:62)
	at java.base/jdk.internal.reflect.DelegatingMethodAccessorImpl.invoke(DelegatingMethodAccessorImpl.java:43)
	at java.base/java.lang.reflect.Method.invoke(Method.java:566)
	at org.testng.internal.invokers.MethodInvocationHelper.invokeMethod(MethodInvocationHelper.java:135)
	at org.testng.internal.invokers.TestInvoker.invokeMethod(TestInvoker.java:673)
	at org.testng.internal.invokers.TestInvoker.invokeTestMethod(TestInvoker.java:220)
	at org.testng.internal.invokers.MethodRunner.runInSequence(MethodRunner.java:50)
	at org.testng.internal.invokers.TestInvoker$MethodInvocationAgent.invoke(TestInvoker.java:945)
	at org.testng.internal.invokers.TestInvoker.invokeTestMethods(TestInvoker.java:193)
	at org.testng.internal.invokers.TestMethodWorker.invokeTestMethods(TestMethodWorker.java:146)
	at org.testng.internal.invokers.TestMethodWorker.run(TestMethodWorker.java:128)
	at java.base/java.util.ArrayList.forEach(ArrayList.java:1541)
	at org.testng.TestRunner.privateRun(TestRunner.java:808)
	at org.testng.TestRunner.run(TestRunner.java:603)
	at org.testng.SuiteRunner.runTest(SuiteRunner.java:429)
	at org.testng.SuiteRunner.runSequentially(SuiteRunner.java:423)
	at org.testng.SuiteRunner.privateRun(SuiteRunner.java:383)
	at org.testng.SuiteRunner.run(SuiteRunner.java:326)
	at org.testng.SuiteRunnerWorker.runSuite(SuiteRunnerWorker.java:52)
	at org.testng.SuiteRunnerWorker.run(SuiteRunnerWorker.java:95)
	at org.testng.TestNG.runSuitesSequentially(TestNG.java:1249)
	at org.testng.TestNG.runSuitesLocally(TestNG.java:1169)
	at org.testng.TestNG.runSuites(TestNG.java:1092)
	at org.testng.TestNG.run(TestNG.java:1060)
	at org.testng.remote.AbstractRemoteTestNG.run(AbstractRemoteTestNG.java:115)
	at org.testng.remote.RemoteTestNG.initAndRun(RemoteTestNG.java:251)
	at org.testng.remote.RemoteTestNG.main(RemoteTestNG.java:77)
</pre></div></td>
<td>0</td>
<td>demo1.EnabledFalseExample@784c3487</td></tr>
</table><p>
<table width='100%' border='1' class='invocation-passed'>
<tr><td colspan='4' align='center'><b>PASSED TESTS</b></td></tr>
<tr><td><b>Test method</b></td>
<td width="30%"><b>Exception</b></td>
<td width="10%"><b>Time (seconds)</b></td>
<td><b>Instance</b></td>
</tr>
<tr>
<td title='demo1.InvocationCountExample.msgPrint()'><b>msgPrint</b><br>Test class: demo1.InvocationCountExample</td>
<td></td>
<td>0</td>
<td>demo1.InvocationCountExample@7966baa7</td></tr>
<tr>
<td title='demo1.SoftAssertExample.testSoftAssert()'><b>testSoftAssert</b><br>Test class: demo1.SoftAssertExample</td>
<td></td>
<td>0</td>
<td>demo1.SoftAssertExample@681a8b4e</td></tr>
<tr>
<td title='demo1.ParameterExample.testDataProvider()'><b>testDataProvider</b><br>Test class: demo1.ParameterExample<br>Parameters: 5</td>
<td></td>
<td>0</td>
<td>demo1.ParameterExample@40dff0b7</td></tr>
<tr>
<td title='demo1.InvocationCountExample.msgPrint()'><b>msgPrint</b><br>Test class: demo1.InvocationCountExample</td>
<td></td>
<td>0</td>
<td>demo1.InvocationCountExample@7966baa7</td></tr>
<tr>
<td title='demo1.ParameterExample.testDataProvider()'><b>testDataProvider</b><br>Test class: demo1.ParameterExample<br>Parameters: 2</td>
<td></td>
<td>0</td>
<td>demo1.ParameterExample@40dff0b7</td></tr>
<tr>
<td title='demo1.ParameterExample.paramTest()'><b>paramTest</b><br>Test class: demo1.ParameterExample<br>Parameters: Adam, 22109</td>
<td></td>
<td>0</td>
<td>demo1.ParameterExample@40dff0b7</td></tr>
<tr>
<td title='demo1.ParameterExample.testDataProvider()'><b>testDataProvider</b><br>Test class: demo1.ParameterExample<br>Parameters: 4</td>
<td></td>
<td>0</td>
<td>demo1.ParameterExample@40dff0b7</td></tr>
<tr>
<td title='demo1.ParameterExample.testDataProvider()'><b>testDataProvider</b><br>Test class: demo1.ParameterExample<br>Parameters: 9</td>
<td></td>
<td>0</td>
<td>demo1.ParameterExample@40dff0b7</td></tr>
<tr>
<td title='demo1.ParameterExample.testDataProvider()'><b>testDataProvider</b><br>Test class: demo1.ParameterExample<br>Parameters: 8</td>
<td></td>
<td>0</td>
<td>demo1.ParameterExample@40dff0b7</td></tr>
<tr>
<td title='demo1.BeforeAfterExample.testC1M2()'><b>testC1M2</b><br>Test class: demo1.BeforeAfterExample</td>
<td></td>
<td>0</td>
<td>demo1.BeforeAfterExample@340da44c</td></tr>
<tr>
<td title='demo1.EnabledFalseExample.testC2M1()'><b>testC2M1</b><br>Test class: demo1.EnabledFalseExample</td>
<td></td>
<td>0</td>
<td>demo1.EnabledFalseExample@784c3487</td></tr>
<tr>
<td title='demo1.BeforeAfterExample.testC1M1()'><b>testC1M1</b><br>Test class: demo1.BeforeAfterExample</td>
<td></td>
<td>0</td>
<td>demo1.BeforeAfterExample@340da44c</td></tr>
</table><p>
</body>
</html>